\BOOKMARK [1][-]{section.0}{Introduction}{}% 1
\BOOKMARK [1][-]{section.1}{Fourier Series}{}% 2
\BOOKMARK [2][-]{subsection.1.1}{Peridoidic Functions}{section.1}% 3
\BOOKMARK [2][-]{subsection.1.2}{Definition of a Fourier Series}{section.1}% 4
\BOOKMARK [2][-]{subsection.1.3}{Dirichlet Conditions}{section.1}% 5
\BOOKMARK [2][-]{subsection.1.4}{Smoothness and order of Fourier coefficients}{section.1}% 6
\BOOKMARK [1][-]{section.2}{Properties of the Fourier Series}{}% 7
\BOOKMARK [2][-]{subsection.2.1}{Integration and Differentiation}{section.2}% 8
\BOOKMARK [3][-]{subsubsection.2.1.1}{Integration: Always works!}{subsection.2.1}% 9
\BOOKMARK [3][-]{subsubsection.2.1.2}{Differentiation: Doesn't always work!}{subsection.2.1}% 10
\BOOKMARK [2][-]{subsection.2.2}{Alternate representation: complex form}{section.2}% 11
\BOOKMARK [2][-]{subsection.2.3}{Half-range series}{section.2}% 12
\BOOKMARK [3][-]{subsubsection.2.3.1}{Fourier sine series: odd function}{subsection.2.3}% 13
\BOOKMARK [3][-]{subsubsection.2.3.2}{Even functions: fourier cosine series}{subsection.2.3}% 14
\BOOKMARK [2][-]{subsection.2.4}{Parserals Theorem}{section.2}% 15
\BOOKMARK [1][-]{section.3}{Strum-Liouville Theory Motivation}{}% 16
\BOOKMARK [2][-]{subsection.3.1}{Second order ODEs}{section.3}% 17
\BOOKMARK [2][-]{subsection.3.2}{Hermition Matrices}{section.3}% 18
\BOOKMARK [2][-]{subsection.3.3}{Motivating Example using FS}{section.3}% 19
\BOOKMARK [1][-]{section.4}{S-L Theory: Self-adjoint operators}{}% 20
\BOOKMARK [2][-]{subsection.4.1}{Definiton of self-adjoint form}{section.4}% 21
