\BOOKMARK [1][-]{section.0}{Introduction}{}% 1
\BOOKMARK [2][-]{subsection.0.1}{Light Quanta}{section.0}% 2
\BOOKMARK [2][-]{subsection.0.2}{Bohr Model of the Atom}{section.0}% 3
\BOOKMARK [2][-]{subsection.0.3}{Matter Waves}{section.0}% 4
\BOOKMARK [1][-]{section.1}{Wave functions and Operators}{}% 5
\BOOKMARK [2][-]{subsection.1.1}{Wave functions and States }{section.1}% 6
\BOOKMARK [2][-]{subsection.1.2}{Operators and Observables}{section.1}% 7
\BOOKMARK [3][-]{subsubsection.1.2.1}{Expectation Values}{subsection.1.2}% 8
\BOOKMARK [3][-]{subsubsection.1.2.2}{Eigenstates and Eigenvalues}{subsection.1.2}% 9
\BOOKMARK [3][-]{subsubsection.1.2.3}{Comments}{subsection.1.2}% 10
\BOOKMARK [2][-]{subsection.1.3}{Infinite Potential Well or Particle in a Box }{section.1}% 11
\BOOKMARK [1][-]{section.2}{Schr\366dinger Equation}{}% 12
\BOOKMARK [2][-]{subsection.2.1}{Stationary States}{section.2}% 13
\BOOKMARK [2][-]{subsection.2.2}{Conservation of Probability}{section.2}% 14
\BOOKMARK [2][-]{subsection.2.3}{Wavepackets and Particles}{section.2}% 15
\BOOKMARK [1][-]{section.3}{Bound States in One Dimension}{}% 16
\BOOKMARK [2][-]{subsection.3.1}{Potential Well}{section.3}% 17
\BOOKMARK [2][-]{subsection.3.2}{General Properties}{section.3}% 18
\BOOKMARK [3][-]{subsubsection.3.2.1}{Bond State Energies}{subsection.3.2}% 19
\BOOKMARK [3][-]{subsubsection.3.2.2}{Parity}{subsection.3.2}% 20
\BOOKMARK [2][-]{subsection.3.3}{Harmonic Oscillator}{section.3}% 21
\BOOKMARK [1][-]{section.4}{Expectation and Uncetainty}{}% 22
\BOOKMARK [2][-]{subsection.4.1}{Hermitian Operators}{section.4}% 23
\BOOKMARK [2][-]{subsection.4.2}{Ehrenfest's Theorem - QM is like classical mechanics}{section.4}% 24
\BOOKMARK [2][-]{subsection.4.3}{Heisenberg's Uncertainty Relation - QM is NOT like classical mechanics}{section.4}% 25
